1552327133718	mozrunner::runner	INFO	Running command: "/usr/bin/firefox" "-marionette" "-foreground" "-no-remote" "-profile" "/tmp/rust_mozprofile.niWmeAsSDvhC"
1552327134079	addons.webextension.screenshots@mozilla.org	WARN	Loading extension 'screenshots@mozilla.org': Reading manifest: Invalid host permission: resource://pdf.js/
1552327134079	addons.webextension.screenshots@mozilla.org	WARN	Loading extension 'screenshots@mozilla.org': Reading manifest: Invalid host permission: about:reader*
1552327135418	Marionette	INFO	Listening on port 44023
1552327135423	Marionette	WARN	TLS certificate errors will be ignored for this session
JavaScript error: https://beta.kaprila.com/a/show.js.php?ref=zoomg.ir&id=related-3col&w=720&h=260&paneltest&template=related-3col&title=%D9%85%D8%B7%D8%A7%D9%84%D8%A8+%D9%BE%DB%8C%D8%B4%D9%86%D9%87%D8%A7%D8%AF%DB%8C+%D8%A7%D8%B2+%D8%B3%D8%B1%D8%A7%D8%B3%D8%B1+%D9%88%D8%A8%3A, line 3: TypeError: div_id is null
JavaScript error: https://www.sheypoor.com/static/ra/nofollow_files/listings.htm, line 1: ReferenceError: func is not defined
[Parent 31920, Gecko_IOThread] WARNING: pipe error (119): Connection reset by peer: file /build/firefox-DVGW0d/firefox-65.0.1+build2/ipc/chromium/src/chrome/common/ipc_channel_posix.cc, line 349
1552327159437	Marionette	INFO	Stopped listening on port 44023
1552327160872	mozrunner::runner	INFO	Running command: "/usr/bin/firefox" "-marionette" "-foreground" "-no-remote" "-profile" "/tmp/rust_mozprofile.GFRDSBBL4png"
1552327161217	addons.webextension.screenshots@mozilla.org	WARN	Loading extension 'screenshots@mozilla.org': Reading manifest: Invalid host permission: resource://pdf.js/
1552327161217	addons.webextension.screenshots@mozilla.org	WARN	Loading extension 'screenshots@mozilla.org': Reading manifest: Invalid host permission: about:reader*
1552327162444	Marionette	INFO	Listening on port 39227
1552327162483	Marionette	WARN	TLS certificate errors will be ignored for this session
[Parent 32287, Gecko_IOThread] WARNING: pipe error (128): Connection reset by peer: file /build/firefox-DVGW0d/firefox-65.0.1+build2/ipc/chromium/src/chrome/common/ipc_channel_posix.cc, line 349
[Parent 32287, Gecko_IOThread] WARNING: pipe error (77): Connection reset by peer: file /build/firefox-DVGW0d/firefox-65.0.1+build2/ipc/chromium/src/chrome/common/ipc_channel_posix.cc, line 349
1552327182402	Marionette	INFO	Stopped listening on port 39227
1552327230591	mozrunner::runner	INFO	Running command: "/usr/bin/firefox" "-marionette" "-foreground" "-no-remote" "-profile" "/tmp/rust_mozprofile.ebAeraGwQYGO"
1552327230931	addons.webextension.screenshots@mozilla.org	WARN	Loading extension 'screenshots@mozilla.org': Reading manifest: Invalid host permission: resource://pdf.js/
1552327230932	addons.webextension.screenshots@mozilla.org	WARN	Loading extension 'screenshots@mozilla.org': Reading manifest: Invalid host permission: about:reader*
1552327232188	Marionette	INFO	Listening on port 38779
1552327232209	Marionette	WARN	TLS certificate errors will be ignored for this session
1552327422422	mozrunner::runner	INFO	Running command: "/usr/bin/firefox" "-marionette" "-foreground" "-no-remote" "-profile" "/tmp/rust_mozprofile.44B5u0roaYv4"
1552327422758	addons.webextension.screenshots@mozilla.org	WARN	Loading extension 'screenshots@mozilla.org': Reading manifest: Invalid host permission: resource://pdf.js/
1552327422758	addons.webextension.screenshots@mozilla.org	WARN	Loading extension 'screenshots@mozilla.org': Reading manifest: Invalid host permission: about:reader*
1552327423977	Marionette	INFO	Listening on port 34335
1552327424032	Marionette	WARN	TLS certificate errors will be ignored for this session
A content process crashed and MOZ_CRASHREPORTER_SHUTDOWN is set, shutting down
JavaScript error: resource:///modules/sessionstore/SessionStore.jsm, line 1629: TypeError: subject.QueryInterface is not a function
A content process crashed and MOZ_CRASHREPORTER_SHUTDOWN is set, shutting down
JavaScript error: resource:///modules/sessionstore/SessionStore.jsm, line 1629: TypeError: subject.QueryInterface is not a function
JavaScript error: resource:///modules/sessionstore/SessionStore.jsm, line 1629: TypeError: subject.QueryInterface is not a function
JavaScript error: resource:///modules/sessionstore/SessionStore.jsm, line 1629: TypeError: subject.QueryInterface is not a function
A content process crashed and MOZ_CRASHREPORTER_SHUTDOWN is set, shutting down
JavaScript error: resource:///modules/sessionstore/SessionStore.jsm, line 1629: TypeError: subject.QueryInterface is not a function
A content process crashed and MOZ_CRASHREPORTER_SHUTDOWN is set, shutting down
1552327561767	Marionette	INFO	Stopped listening on port 34335
1552327588528	mozrunner::runner	INFO	Running command: "/usr/bin/firefox" "-marionette" "-foreground" "-no-remote" "-profile" "/tmp/rust_mozprofile.Iaq7uKctFfOZ"
1552327588865	addons.webextension.screenshots@mozilla.org	WARN	Loading extension 'screenshots@mozilla.org': Reading manifest: Invalid host permission: resource://pdf.js/
1552327588866	addons.webextension.screenshots@mozilla.org	WARN	Loading extension 'screenshots@mozilla.org': Reading manifest: Invalid host permission: about:reader*
1552327590085	Marionette	INFO	Listening on port 46057
1552327590134	Marionette	WARN	TLS certificate errors will be ignored for this session
[Parent 2829, Gecko_IOThread] WARNING: pipe error (77): Connection reset by peer: file /build/firefox-DVGW0d/firefox-65.0.1+build2/ipc/chromium/src/chrome/common/ipc_channel_posix.cc, line 349
[Parent 2829, Gecko_IOThread] WARNING: pipe error (96): Connection reset by peer: file /build/firefox-DVGW0d/firefox-65.0.1+build2/ipc/chromium/src/chrome/common/ipc_channel_posix.cc, line 349
[Parent 2829, Gecko_IOThread] WARNING: pipe error (124): Connection reset by peer: file /build/firefox-DVGW0d/firefox-65.0.1+build2/ipc/chromium/src/chrome/common/ipc_channel_posix.cc, line 349
[Parent 2829, Gecko_IOThread] WARNING: pipe error (129): Connection reset by peer: file /build/firefox-DVGW0d/firefox-65.0.1+build2/ipc/chromium/src/chrome/common/ipc_channel_posix.cc, line 349
1552327630610	Marionette	INFO	Stopped listening on port 46057
1552327632820	Marionette	INFO	Stopped listening on port 38779
1552327634195	mozrunner::runner	INFO	Running command: "/usr/bin/firefox" "-marionette" "-foreground" "-no-remote" "-profile" "/tmp/rust_mozprofile.1CSzTQJZdODc"
1552327634534	addons.webextension.screenshots@mozilla.org	WARN	Loading extension 'screenshots@mozilla.org': Reading manifest: Invalid host permission: resource://pdf.js/
1552327634534	addons.webextension.screenshots@mozilla.org	WARN	Loading extension 'screenshots@mozilla.org': Reading manifest: Invalid host permission: about:reader*
1552327635764	Marionette	INFO	Listening on port 33343
1552327635808	Marionette	WARN	TLS certificate errors will be ignored for this session
[Parent 3276, Gecko_IOThread] WARNING: pipe error (98): Connection reset by peer: file /build/firefox-DVGW0d/firefox-65.0.1+build2/ipc/chromium/src/chrome/common/ipc_channel_posix.cc, line 349
[Parent 3276, Gecko_IOThread] WARNING: pipe error (125): Connection reset by peer: file /build/firefox-DVGW0d/firefox-65.0.1+build2/ipc/chromium/src/chrome/common/ipc_channel_posix.cc, line 349
[Parent 3276, Gecko_IOThread] WARNING: pipe error (77): Connection reset by peer: file /build/firefox-DVGW0d/firefox-65.0.1+build2/ipc/chromium/src/chrome/common/ipc_channel_posix.cc, line 349
1552327655733	Marionette	INFO	Stopped listening on port 33343
1552327656954	mozrunner::runner	INFO	Running command: "/usr/bin/firefox" "-marionette" "-foreground" "-no-remote" "-profile" "/tmp/rust_mozprofile.q9PXKmzHgwtG"
1552327657301	addons.webextension.screenshots@mozilla.org	WARN	Loading extension 'screenshots@mozilla.org': Reading manifest: Invalid host permission: resource://pdf.js/
1552327657301	addons.webextension.screenshots@mozilla.org	WARN	Loading extension 'screenshots@mozilla.org': Reading manifest: Invalid host permission: about:reader*
1552327658616	Marionette	INFO	Listening on port 45195
1552327658667	Marionette	WARN	TLS certificate errors will be ignored for this session
1552327681184	Marionette	INFO	Stopped listening on port 45195
1552327682312	mozrunner::runner	INFO	Running command: "/usr/bin/firefox" "-marionette" "-foreground" "-no-remote" "-profile" "/tmp/rust_mozprofile.ThuXsi4Hzbvn"
1552327682671	addons.webextension.screenshots@mozilla.org	WARN	Loading extension 'screenshots@mozilla.org': Reading manifest: Invalid host permission: resource://pdf.js/
1552327682671	addons.webextension.screenshots@mozilla.org	WARN	Loading extension 'screenshots@mozilla.org': Reading manifest: Invalid host permission: about:reader*
1552327683940	Marionette	INFO	Listening on port 36193
1552327684021	Marionette	WARN	TLS certificate errors will be ignored for this session
1552327708046	Marionette	INFO	Stopped listening on port 36193
1552327729369	mozrunner::runner	INFO	Running command: "/usr/bin/firefox" "-marionette" "-foreground" "-no-remote" "-profile" "/tmp/rust_mozprofile.A60vs3lAfsYE"
1552327729712	addons.webextension.screenshots@mozilla.org	WARN	Loading extension 'screenshots@mozilla.org': Reading manifest: Invalid host permission: resource://pdf.js/
1552327729712	addons.webextension.screenshots@mozilla.org	WARN	Loading extension 'screenshots@mozilla.org': Reading manifest: Invalid host permission: about:reader*
1552327731038	Marionette	INFO	Listening on port 45427
1552327731085	Marionette	WARN	TLS certificate errors will be ignored for this session
1552327773295	mozrunner::runner	INFO	Running command: "/usr/bin/firefox" "-marionette" "-foreground" "-no-remote" "-profile" "/tmp/rust_mozprofile.GWkVQaw0Ndle"
1552327773628	addons.webextension.screenshots@mozilla.org	WARN	Loading extension 'screenshots@mozilla.org': Reading manifest: Invalid host permission: resource://pdf.js/
1552327773629	addons.webextension.screenshots@mozilla.org	WARN	Loading extension 'screenshots@mozilla.org': Reading manifest: Invalid host permission: about:reader*
1552327774871	Marionette	INFO	Listening on port 36419
1552327774901	Marionette	WARN	TLS certificate errors will be ignored for this session
1552327839661	mozrunner::runner	INFO	Running command: "/usr/bin/firefox" "-marionette" "-foreground" "-no-remote" "-profile" "/tmp/rust_mozprofile.Ucleuan26BRI"
1552327839999	addons.webextension.screenshots@mozilla.org	WARN	Loading extension 'screenshots@mozilla.org': Reading manifest: Invalid host permission: resource://pdf.js/
1552327840000	addons.webextension.screenshots@mozilla.org	WARN	Loading extension 'screenshots@mozilla.org': Reading manifest: Invalid host permission: about:reader*
1552327841233	Marionette	INFO	Listening on port 34695
1552327841271	Marionette	WARN	TLS certificate errors will be ignored for this session
1552327855309	Marionette	INFO	Stopped listening on port 45427
1552327856231	Marionette	INFO	Stopped listening on port 36419
[Parent 5255, Gecko_IOThread] WARNING: pipe error (77): Connection reset by peer: file /build/firefox-DVGW0d/firefox-65.0.1+build2/ipc/chromium/src/chrome/common/ipc_channel_posix.cc, line 349
[Parent 5255, Gecko_IOThread] WARNING: pipe error (80): Connection reset by peer: file /build/firefox-DVGW0d/firefox-65.0.1+build2/ipc/chromium/src/chrome/common/ipc_channel_posix.cc, line 349
1552327856849	Marionette	INFO	Stopped listening on port 34695
1552327997423	mozrunner::runner	INFO	Running command: "/usr/bin/firefox" "-marionette" "-foreground" "-no-remote" "-profile" "/tmp/rust_mozprofile.w3gtyMQciFFq"
1552327997783	addons.webextension.screenshots@mozilla.org	WARN	Loading extension 'screenshots@mozilla.org': Reading manifest: Invalid host permission: resource://pdf.js/
1552327997783	addons.webextension.screenshots@mozilla.org	WARN	Loading extension 'screenshots@mozilla.org': Reading manifest: Invalid host permission: about:reader*
1552327999455	Marionette	INFO	Listening on port 44939
1552327999528	Marionette	WARN	TLS certificate errors will be ignored for this session

(/usr/lib/firefox/firefox:6135): dconf-WARNING **: 21:43:28.795: Unable to open /var/lib/flatpak/exports/share/dconf/profile/user: Permission denied
JavaScript warning: https://static.licdn.com/sc/h/br/541gop8hv8nts3bhj9zx2j2x3, line 6496: unreachable code after return statement
[Parent 5959, Gecko_IOThread] WARNING: pipe error: Broken pipe: file /build/firefox-DVGW0d/firefox-65.0.1+build2/ipc/chromium/src/chrome/common/ipc_channel_posix.cc, line 718
[Parent 5959, Gecko_IOThread] WARNING: pipe error (77): Connection reset by peer: file /build/firefox-DVGW0d/firefox-65.0.1+build2/ipc/chromium/src/chrome/common/ipc_channel_posix.cc, line 349
[Parent 5959, Gecko_IOThread] WARNING: pipe error (91): Connection reset by peer: file /build/firefox-DVGW0d/firefox-65.0.1+build2/ipc/chromium/src/chrome/common/ipc_channel_posix.cc, line 349
[Parent 5959, Gecko_IOThread] WARNING: pipe error (124): Connection reset by peer: file /build/firefox-DVGW0d/firefox-65.0.1+build2/ipc/chromium/src/chrome/common/ipc_channel_posix.cc, line 349
1552328048298	Marionette	INFO	Stopped listening on port 44939
1552328050081	mozrunner::runner	INFO	Running command: "/usr/bin/firefox" "-marionette" "-foreground" "-no-remote" "-profile" "/tmp/rust_mozprofile.uwon9atSxCji"
1552328050426	addons.webextension.screenshots@mozilla.org	WARN	Loading extension 'screenshots@mozilla.org': Reading manifest: Invalid host permission: resource://pdf.js/
1552328050426	addons.webextension.screenshots@mozilla.org	WARN	Loading extension 'screenshots@mozilla.org': Reading manifest: Invalid host permission: about:reader*
1552328051707	Marionette	INFO	Listening on port 38719
1552328051788	Marionette	WARN	TLS certificate errors will be ignored for this session
[Parent 6395, Gecko_IOThread] WARNING: pipe error (94): Connection reset by peer: file /build/firefox-DVGW0d/firefox-65.0.1+build2/ipc/chromium/src/chrome/common/ipc_channel_posix.cc, line 349
[Parent 6395, Gecko_IOThread] WARNING: pipe error (77): Connection reset by peer: file /build/firefox-DVGW0d/firefox-65.0.1+build2/ipc/chromium/src/chrome/common/ipc_channel_posix.cc, line 349
1552328071556	Marionette	INFO	Stopped listening on port 38719
1552328072770	mozrunner::runner	INFO	Running command: "/usr/bin/firefox" "-marionette" "-foreground" "-no-remote" "-profile" "/tmp/rust_mozprofile.cR5FjqosRi3Y"
1552328073111	addons.webextension.screenshots@mozilla.org	WARN	Loading extension 'screenshots@mozilla.org': Reading manifest: Invalid host permission: resource://pdf.js/
1552328073112	addons.webextension.screenshots@mozilla.org	WARN	Loading extension 'screenshots@mozilla.org': Reading manifest: Invalid host permission: about:reader*
1552328074353	Marionette	INFO	Listening on port 45763
1552328074381	Marionette	WARN	TLS certificate errors will be ignored for this session
JavaScript warning: https://static.licdn.com/sc/h/br/541gop8hv8nts3bhj9zx2j2x3, line 6496: unreachable code after return statement
[Parent 6753, Gecko_IOThread] WARNING: pipe error: Broken pipe: file /build/firefox-DVGW0d/firefox-65.0.1+build2/ipc/chromium/src/chrome/common/ipc_channel_posix.cc, line 718
JavaScript warning: https://static.licdn.com/sc/h/br/541gop8hv8nts3bhj9zx2j2x3, line 6496: unreachable code after return statement
[Parent 6753, Gecko_IOThread] WARNING: pipe error: Broken pipe: file /build/firefox-DVGW0d/firefox-65.0.1+build2/ipc/chromium/src/chrome/common/ipc_channel_posix.cc, line 718
JavaScript warning: https://static.licdn.com/sc/h/br/541gop8hv8nts3bhj9zx2j2x3, line 6496: unreachable code after return statement
[Parent 6753, Gecko_IOThread] WARNING: pipe error: Broken pipe: file /build/firefox-DVGW0d/firefox-65.0.1+build2/ipc/chromium/src/chrome/common/ipc_channel_posix.cc, line 718
JavaScript error: http://diaalog.ir/js/163500364333592, line 21: TypeError: f is undefined
JavaScript error: http://diaalog.ir/js/fbevents.js, line 21: ReferenceError: fbq is not defined
JavaScript error: resource://gre/modules/WebProgressChild.jsm, line 58: TypeError: this.mm.content is null
[Parent 6753, Gecko_IOThread] WARNING: pipe error (77): Connection reset by peer: file /build/firefox-DVGW0d/firefox-65.0.1+build2/ipc/chromium/src/chrome/common/ipc_channel_posix.cc, line 349
[Parent 6753, Gecko_IOThread] WARNING: pipe error (135): Connection reset by peer: file /build/firefox-DVGW0d/firefox-65.0.1+build2/ipc/chromium/src/chrome/common/ipc_channel_posix.cc, line 349
[Parent 6753, Gecko_IOThread] WARNING: pipe error (166): Connection reset by peer: file /build/firefox-DVGW0d/firefox-65.0.1+build2/ipc/chromium/src/chrome/common/ipc_channel_posix.cc, line 349
[Parent 6753, Gecko_IOThread] WARNING: pipe error (180): Connection reset by peer: file /build/firefox-DVGW0d/firefox-65.0.1+build2/ipc/chromium/src/chrome/common/ipc_channel_posix.cc, line 349
[Parent 6753, Gecko_IOThread] WARNING: pipe error (69): Connection reset by peer: file /build/firefox-DVGW0d/firefox-65.0.1+build2/ipc/chromium/src/chrome/common/ipc_channel_posix.cc, line 349
1552328132857	Marionette	INFO	Stopped listening on port 45763
1552328171747	mozrunner::runner	INFO	Running command: "/usr/bin/firefox" "-marionette" "-foreground" "-no-remote" "-profile" "/tmp/rust_mozprofile.xFGWwYkUKbGV"
1552328172085	addons.webextension.screenshots@mozilla.org	WARN	Loading extension 'screenshots@mozilla.org': Reading manifest: Invalid host permission: resource://pdf.js/
1552328172086	addons.webextension.screenshots@mozilla.org	WARN	Loading extension 'screenshots@mozilla.org': Reading manifest: Invalid host permission: about:reader*
1552328173447	Marionette	INFO	Listening on port 38843
1552328173453	Marionette	WARN	TLS certificate errors will be ignored for this session
1552328186141	mozrunner::runner	INFO	Running command: "/usr/bin/firefox" "-marionette" "-foreground" "-no-remote" "-profile" "/tmp/rust_mozprofile.6ddxKHbTgoba"
1552328186474	addons.webextension.screenshots@mozilla.org	WARN	Loading extension 'screenshots@mozilla.org': Reading manifest: Invalid host permission: resource://pdf.js/
1552328186474	addons.webextension.screenshots@mozilla.org	WARN	Loading extension 'screenshots@mozilla.org': Reading manifest: Invalid host permission: about:reader*
1552328187771	Marionette	INFO	Listening on port 37923
1552328187847	Marionette	WARN	TLS certificate errors will be ignored for this session
JavaScript warning: https://static.licdn.com/sc/h/br/541gop8hv8nts3bhj9zx2j2x3, line 6496: unreachable code after return statement
[Parent 7653, Gecko_IOThread] WARNING: pipe error: Broken pipe: file /build/firefox-DVGW0d/firefox-65.0.1+build2/ipc/chromium/src/chrome/common/ipc_channel_posix.cc, line 718
1552328200477	Marionette	INFO	Stopped listening on port 37923
1552328586480	Marionette	INFO	Stopped listening on port 38843
1552328678673	mozrunner::runner	INFO	Running command: "/usr/bin/firefox" "-marionette" "-foreground" "-no-remote" "-profile" "/tmp/rust_mozprofile.HfrnHGnx0luQ"
1552328679020	addons.webextension.screenshots@mozilla.org	WARN	Loading extension 'screenshots@mozilla.org': Reading manifest: Invalid host permission: resource://pdf.js/
1552328679020	addons.webextension.screenshots@mozilla.org	WARN	Loading extension 'screenshots@mozilla.org': Reading manifest: Invalid host permission: about:reader*
1552328680355	Marionette	INFO	Listening on port 42493
1552328680384	Marionette	WARN	TLS certificate errors will be ignored for this session
JavaScript warning: https://static.licdn.com/sc/h/br/541gop8hv8nts3bhj9zx2j2x3, line 6496: unreachable code after return statement
[Parent 9812, Gecko_IOThread] WARNING: pipe error: Broken pipe: file /build/firefox-DVGW0d/firefox-65.0.1+build2/ipc/chromium/src/chrome/common/ipc_channel_posix.cc, line 718
1552328747652	mozrunner::runner	INFO	Running command: "/usr/bin/firefox" "-marionette" "-foreground" "-no-remote" "-profile" "/tmp/rust_mozprofile.IDup1y6omF1W"
1552328747999	addons.webextension.screenshots@mozilla.org	WARN	Loading extension 'screenshots@mozilla.org': Reading manifest: Invalid host permission: resource://pdf.js/
1552328747999	addons.webextension.screenshots@mozilla.org	WARN	Loading extension 'screenshots@mozilla.org': Reading manifest: Invalid host permission: about:reader*
1552328749288	Marionette	INFO	Listening on port 33335
1552328749360	Marionette	WARN	TLS certificate errors will be ignored for this session

(/usr/lib/firefox/firefox:10400): dconf-WARNING **: 21:56:09.854: Unable to open /var/lib/flatpak/exports/share/dconf/profile/user: Permission denied
JavaScript warning: https://static.licdn.com/sc/h/br/541gop8hv8nts3bhj9zx2j2x3, line 6496: unreachable code after return statement
[Parent 10207, Gecko_IOThread] WARNING: pipe error: Broken pipe: file /build/firefox-DVGW0d/firefox-65.0.1+build2/ipc/chromium/src/chrome/common/ipc_channel_posix.cc, line 718
console.error: BroadcastService: 
  receivedBroadcastMessage: handler for
  remote-settings/monitor_changes
  threw error:
  Message: Error: Polling for changes failed: NetworkError when attempting to fetch resource..
  Stack:
    remoteSettingsFunction/remoteSettings.pollChanges@resource://services-settings/remote-settings.js:188:13

console.error: BroadcastService: 
  receivedBroadcastMessage: handler for
  remote-settings/monitor_changes
  threw error:
  Message: Error: Polling for changes failed: NetworkError when attempting to fetch resource..
  Stack:
    remoteSettingsFunction/remoteSettings.pollChanges@resource://services-settings/remote-settings.js:188:13

IPDL protocol error: Handler returned error code!

###!!! [Parent][DispatchAsyncMessage] Error: PLayerTransaction::Msg_ReleaseLayer Processing error: message was deserialized, but the handler returned false (indicating failure)

IPDL protocol error: Handler returned error code!

###!!! [Parent][DispatchAsyncMessage] Error: PLayerTransaction::Msg_ReleaseLayer Processing error: message was deserialized, but the handler returned false (indicating failure)

[Child 10400, Chrome_ChildThread] WARNING: pipe error: Broken pipe: file /build/firefox-DVGW0d/firefox-65.0.1+build2/ipc/chromium/src/chrome/common/ipc_channel_posix.cc, line 718
[Child 10400, Chrome_ChildThread] WARNING: pipe error: Broken pipe: file /build/firefox-DVGW0d/firefox-65.0.1+build2/ipc/chromium/src/chrome/common/ipc_channel_posix.cc, line 718
[Child 10400, Chrome_ChildThread] WARNING: pipe error: Broken pipe: file /build/firefox-DVGW0d/firefox-65.0.1+build2/ipc/chromium/src/chrome/common/ipc_channel_posix.cc, line 718
[Child 10400, Chrome_ChildThread] WARNING: pipe error: Broken pipe: file /build/firefox-DVGW0d/firefox-65.0.1+build2/ipc/chromium/src/chrome/common/ipc_channel_posix.cc, line 718
[Parent 9812, Gecko_IOThread] WARNING: pipe error (77): Connection reset by peer: file /build/firefox-DVGW0d/firefox-65.0.1+build2/ipc/chromium/src/chrome/common/ipc_channel_posix.cc, line 349
1552329100574	Marionette	INFO	Stopped listening on port 33335
1552329100609	Marionette	INFO	Stopped listening on port 42493
1552329101959	mozrunner::runner	INFO	Running command: "/usr/bin/firefox" "-marionette" "-foreground" "-no-remote" "-profile" "/tmp/rust_mozprofile.hEhIAsFVNjpg"
1552329102304	addons.webextension.screenshots@mozilla.org	WARN	Loading extension 'screenshots@mozilla.org': Reading manifest: Invalid host permission: resource://pdf.js/
1552329102305	addons.webextension.screenshots@mozilla.org	WARN	Loading extension 'screenshots@mozilla.org': Reading manifest: Invalid host permission: about:reader*
1552329103639	Marionette	INFO	Listening on port 43421
1552329103673	Marionette	WARN	TLS certificate errors will be ignored for this session
JavaScript error: resource:///modules/ContentMetaHandler.jsm, line 156: NS_ERROR_ILLEGAL_VALUE: 
1552329108909	Marionette	INFO	Stopped listening on port 43421
1552329109672	mozrunner::runner	INFO	Running command: "/usr/bin/firefox" "-marionette" "-foreground" "-no-remote" "-profile" "/tmp/rust_mozprofile.k6UgGMt5rgf3"
1552329110018	addons.webextension.screenshots@mozilla.org	WARN	Loading extension 'screenshots@mozilla.org': Reading manifest: Invalid host permission: resource://pdf.js/
1552329110018	addons.webextension.screenshots@mozilla.org	WARN	Loading extension 'screenshots@mozilla.org': Reading manifest: Invalid host permission: about:reader*
1552329111382	Marionette	INFO	Listening on port 35751
1552329111478	Marionette	WARN	TLS certificate errors will be ignored for this session
JavaScript warning: https://static.licdn.com/sc/h/br/541gop8hv8nts3bhj9zx2j2x3, line 6496: unreachable code after return statement
[Parent 11190, Gecko_IOThread] WARNING: pipe error: Broken pipe: file /build/firefox-DVGW0d/firefox-65.0.1+build2/ipc/chromium/src/chrome/common/ipc_channel_posix.cc, line 718
JavaScript error: resource://gre/modules/WebProgressChild.jsm, line 58: TypeError: this.mm.content is null
1552329121265	Marionette	INFO	Stopped listening on port 35751
1552329124756	mozrunner::runner	INFO	Running command: "/usr/bin/firefox" "-marionette" "-foreground" "-no-remote" "-profile" "/tmp/rust_mozprofile.lU1OlG7Wosg5"
1552329125110	addons.webextension.screenshots@mozilla.org	WARN	Loading extension 'screenshots@mozilla.org': Reading manifest: Invalid host permission: resource://pdf.js/
1552329125110	addons.webextension.screenshots@mozilla.org	WARN	Loading extension 'screenshots@mozilla.org': Reading manifest: Invalid host permission: about:reader*
1552329126409	Marionette	INFO	Listening on port 34763
1552329126461	Marionette	WARN	TLS certificate errors will be ignored for this session
JavaScript warning: https://static.licdn.com/sc/h/br/541gop8hv8nts3bhj9zx2j2x3, line 6496: unreachable code after return statement
[Parent 11557, Gecko_IOThread] WARNING: pipe error: Broken pipe: file /build/firefox-DVGW0d/firefox-65.0.1+build2/ipc/chromium/src/chrome/common/ipc_channel_posix.cc, line 718
console.error: BroadcastService: 
  receivedBroadcastMessage: handler for
  remote-settings/monitor_changes
  threw error:
  Message: Error: Polling for changes failed: NetworkError when attempting to fetch resource..
  Stack:
    remoteSettingsFunction/remoteSettings.pollChanges@resource://services-settings/remote-settings.js:188:13

1552329871060	mozrunner::runner	INFO	Running command: "/usr/bin/firefox" "-marionette" "-foreground" "-no-remote" "-profile" "/tmp/rust_mozprofile.52Xg42WKK1vg"
1552329871398	addons.webextension.screenshots@mozilla.org	WARN	Loading extension 'screenshots@mozilla.org': Reading manifest: Invalid host permission: resource://pdf.js/
1552329871398	addons.webextension.screenshots@mozilla.org	WARN	Loading extension 'screenshots@mozilla.org': Reading manifest: Invalid host permission: about:reader*
1552329872722	Marionette	INFO	Listening on port 33525
1552329872770	Marionette	WARN	TLS certificate errors will be ignored for this session
JavaScript warning: https://static.licdn.com/sc/h/br/541gop8hv8nts3bhj9zx2j2x3, line 6496: unreachable code after return statement
[Parent 12753, Gecko_IOThread] WARNING: pipe error: Broken pipe: file /build/firefox-DVGW0d/firefox-65.0.1+build2/ipc/chromium/src/chrome/common/ipc_channel_posix.cc, line 718
1552329881221	Marionette	INFO	Stopped listening on port 34763
JavaScript warning: https://static.licdn.com/sc/h/br/541gop8hv8nts3bhj9zx2j2x3, line 6496: unreachable code after return statement
[Parent 12753, Gecko_IOThread] WARNING: pipe error: Broken pipe: file /build/firefox-DVGW0d/firefox-65.0.1+build2/ipc/chromium/src/chrome/common/ipc_channel_posix.cc, line 718
console.error: BroadcastService: 
  receivedBroadcastMessage: handler for
  remote-settings/monitor_changes
  threw error:
  Message: Error: Polling for changes failed: NetworkError when attempting to fetch resource..
  Stack:
    remoteSettingsFunction/remoteSettings.pollChanges@resource://services-settings/remote-settings.js:188:13

1552332259982	mozrunner::runner	INFO	Running command: "/usr/bin/firefox" "-marionette" "-foreground" "-no-remote" "-profile" "/tmp/rust_mozprofile.uBHMNu8jasr7"
1552332260441	addons.webextension.screenshots@mozilla.org	WARN	Loading extension 'screenshots@mozilla.org': Reading manifest: Invalid host permission: resource://pdf.js/
1552332260442	addons.webextension.screenshots@mozilla.org	WARN	Loading extension 'screenshots@mozilla.org': Reading manifest: Invalid host permission: about:reader*
1552332261936	Marionette	INFO	Listening on port 40255
1552332262002	Marionette	WARN	TLS certificate errors will be ignored for this session
JavaScript warning: https://static.licdn.com/sc/h/br/541gop8hv8nts3bhj9zx2j2x3, line 6496: unreachable code after return statement
[Parent 17756, Gecko_IOThread] WARNING: pipe error: Broken pipe: file /build/firefox-DVGW0d/firefox-65.0.1+build2/ipc/chromium/src/chrome/common/ipc_channel_posix.cc, line 718
JavaScript warning: https://static.licdn.com/sc/h/br/541gop8hv8nts3bhj9zx2j2x3, line 6496: unreachable code after return statement
[Parent 17756, Gecko_IOThread] WARNING: pipe error: Broken pipe: file /build/firefox-DVGW0d/firefox-65.0.1+build2/ipc/chromium/src/chrome/common/ipc_channel_posix.cc, line 718
1552332348565	mozrunner::runner	INFO	Running command: "/usr/bin/firefox" "-marionette" "-foreground" "-no-remote" "-profile" "/tmp/rust_mozprofile.TRTszNsVuF79"
1552332348961	addons.webextension.screenshots@mozilla.org	WARN	Loading extension 'screenshots@mozilla.org': Reading manifest: Invalid host permission: resource://pdf.js/
1552332348961	addons.webextension.screenshots@mozilla.org	WARN	Loading extension 'screenshots@mozilla.org': Reading manifest: Invalid host permission: about:reader*
1552332350290	Marionette	INFO	Listening on port 43527
1552332350389	Marionette	WARN	TLS certificate errors will be ignored for this session
JavaScript warning: https://static.licdn.com/sc/h/br/541gop8hv8nts3bhj9zx2j2x3, line 6496: unreachable code after return statement
[Parent 18176, Gecko_IOThread] WARNING: pipe error: Broken pipe: file /build/firefox-DVGW0d/firefox-65.0.1+build2/ipc/chromium/src/chrome/common/ipc_channel_posix.cc, line 718
JavaScript error: https://static.licdn.com/sc/h/br/9tfzf1lqp8bajtgaz27f4wo8v, line 562: Error: [informational-log] Error requesting launchpad data
[{"status":503}]
JavaScript warning: https://static.licdn.com/sc/h/br/541gop8hv8nts3bhj9zx2j2x3, line 6496: unreachable code after return statement
[Parent 18176, Gecko_IOThread] WARNING: pipe error: Broken pipe: file /build/firefox-DVGW0d/firefox-65.0.1+build2/ipc/chromium/src/chrome/common/ipc_channel_posix.cc, line 718
1552332468171	mozrunner::runner	INFO	Running command: "/usr/bin/firefox" "-marionette" "-foreground" "-no-remote" "-profile" "/tmp/rust_mozprofile.XP2M5yiMCxre"
1552332468572	addons.webextension.screenshots@mozilla.org	WARN	Loading extension 'screenshots@mozilla.org': Reading manifest: Invalid host permission: resource://pdf.js/
1552332468572	addons.webextension.screenshots@mozilla.org	WARN	Loading extension 'screenshots@mozilla.org': Reading manifest: Invalid host permission: about:reader*
1552332469986	Marionette	INFO	Listening on port 40089
1552332470082	Marionette	WARN	TLS certificate errors will be ignored for this session
JavaScript warning: https://static.licdn.com/sc/h/br/541gop8hv8nts3bhj9zx2j2x3, line 6496: unreachable code after return statement
[Parent 18665, Gecko_IOThread] WARNING: pipe error: Broken pipe: file /build/firefox-DVGW0d/firefox-65.0.1+build2/ipc/chromium/src/chrome/common/ipc_channel_posix.cc, line 718
JavaScript warning: https://static.licdn.com/sc/h/br/541gop8hv8nts3bhj9zx2j2x3, line 6496: unreachable code after return statement
[Parent 18665, Gecko_IOThread] WARNING: pipe error: Broken pipe: file /build/firefox-DVGW0d/firefox-65.0.1+build2/ipc/chromium/src/chrome/common/ipc_channel_posix.cc, line 718
[Parent 18665, Gecko_IOThread] WARNING: pipe error (77): Connection reset by peer: file /build/firefox-DVGW0d/firefox-65.0.1+build2/ipc/chromium/src/chrome/common/ipc_channel_posix.cc, line 349
1552332535448	Marionette	INFO	Stopped listening on port 33525
1552332535467	Marionette	INFO	Stopped listening on port 43527
1552332536011	Marionette	INFO	Stopped listening on port 40089
1552332536513	Marionette	INFO	Stopped listening on port 40255
1552332555877	mozrunner::runner	INFO	Running command: "/usr/bin/firefox" "-marionette" "-foreground" "-no-remote" "-profile" "/tmp/rust_mozprofile.CLyn1VpGsu5M"
1552332556222	addons.webextension.screenshots@mozilla.org	WARN	Loading extension 'screenshots@mozilla.org': Reading manifest: Invalid host permission: resource://pdf.js/
1552332556222	addons.webextension.screenshots@mozilla.org	WARN	Loading extension 'screenshots@mozilla.org': Reading manifest: Invalid host permission: about:reader*
1552332557493	Marionette	INFO	Listening on port 39503
1552332557597	Marionette	WARN	TLS certificate errors will be ignored for this session
JavaScript warning: https://static.licdn.com/sc/h/br/541gop8hv8nts3bhj9zx2j2x3, line 6496: unreachable code after return statement
[Parent 19109, Gecko_IOThread] WARNING: pipe error: Broken pipe: file /build/firefox-DVGW0d/firefox-65.0.1+build2/ipc/chromium/src/chrome/common/ipc_channel_posix.cc, line 718
JavaScript warning: https://static.licdn.com/sc/h/br/541gop8hv8nts3bhj9zx2j2x3, line 6496: unreachable code after return statement
[Parent 19109, Gecko_IOThread] WARNING: pipe error: Broken pipe: file /build/firefox-DVGW0d/firefox-65.0.1+build2/ipc/chromium/src/chrome/common/ipc_channel_posix.cc, line 718
1552332627225	mozrunner::runner	INFO	Running command: "/usr/bin/firefox" "-marionette" "-foreground" "-no-remote" "-profile" "/tmp/rust_mozprofile.NwJiF8byaVYD"
1552332627590	addons.webextension.screenshots@mozilla.org	WARN	Loading extension 'screenshots@mozilla.org': Reading manifest: Invalid host permission: resource://pdf.js/
1552332627590	addons.webextension.screenshots@mozilla.org	WARN	Loading extension 'screenshots@mozilla.org': Reading manifest: Invalid host permission: about:reader*
1552332628965	Marionette	INFO	Listening on port 34315
1552332629042	Marionette	WARN	TLS certificate errors will be ignored for this session
JavaScript warning: https://static.licdn.com/sc/h/br/541gop8hv8nts3bhj9zx2j2x3, line 6496: unreachable code after return statement
[Parent 19497, Gecko_IOThread] WARNING: pipe error: Broken pipe: file /build/firefox-DVGW0d/firefox-65.0.1+build2/ipc/chromium/src/chrome/common/ipc_channel_posix.cc, line 718
JavaScript warning: https://static.licdn.com/sc/h/br/541gop8hv8nts3bhj9zx2j2x3, line 6496: unreachable code after return statement
[Parent 19497, Gecko_IOThread] WARNING: pipe error: Broken pipe: file /build/firefox-DVGW0d/firefox-65.0.1+build2/ipc/chromium/src/chrome/common/ipc_channel_posix.cc, line 718
console.error: BroadcastService: 
  receivedBroadcastMessage: handler for
  remote-settings/monitor_changes
  threw error:
  Message: Error: Polling for changes failed: NetworkError when attempting to fetch resource..
  Stack:
    remoteSettingsFunction/remoteSettings.pollChanges@resource://services-settings/remote-settings.js:188:13

console.error: BroadcastService: 
  receivedBroadcastMessage: handler for
  remote-settings/monitor_changes
  threw error:
  Message: Error: Polling for changes failed: NetworkError when attempting to fetch resource..
  Stack:
    remoteSettingsFunction/remoteSettings.pollChanges@resource://services-settings/remote-settings.js:188:13


###!!! [Child][RunMessage] Error: Channel closing: too late to send/recv, messages will be lost

[Child 19662, Chrome_ChildThread] WARNING: pipe error (3): Connection reset by peer: file /build/firefox-DVGW0d/firefox-65.0.1+build2/ipc/chromium/src/chrome/common/ipc_channel_posix.cc, line 349
1552332656320	Marionette	INFO	Stopped listening on port 34315
1552332667783	mozrunner::runner	INFO	Running command: "/usr/bin/firefox" "-marionette" "-foreground" "-no-remote" "-profile" "/tmp/rust_mozprofile.X6kCy9pFzu1q"
1552332668147	addons.webextension.screenshots@mozilla.org	WARN	Loading extension 'screenshots@mozilla.org': Reading manifest: Invalid host permission: resource://pdf.js/
1552332668147	addons.webextension.screenshots@mozilla.org	WARN	Loading extension 'screenshots@mozilla.org': Reading manifest: Invalid host permission: about:reader*
1552332669621	Marionette	INFO	Listening on port 44839
1552332669688	Marionette	WARN	TLS certificate errors will be ignored for this session
JavaScript warning: https://static.licdn.com/sc/h/br/541gop8hv8nts3bhj9zx2j2x3, line 6496: unreachable code after return statement
[Parent 19869, Gecko_IOThread] WARNING: pipe error: Broken pipe: file /build/firefox-DVGW0d/firefox-65.0.1+build2/ipc/chromium/src/chrome/common/ipc_channel_posix.cc, line 718
JavaScript warning: https://static.licdn.com/sc/h/br/541gop8hv8nts3bhj9zx2j2x3, line 6496: unreachable code after return statement
[Parent 19869, Gecko_IOThread] WARNING: pipe error: Broken pipe: file /build/firefox-DVGW0d/firefox-65.0.1+build2/ipc/chromium/src/chrome/common/ipc_channel_posix.cc, line 718
JavaScript warning: https://static.licdn.com/sc/h/br/541gop8hv8nts3bhj9zx2j2x3, line 6496: unreachable code after return statement
[Parent 19869, Gecko_IOThread] WARNING: pipe error: Broken pipe: file /build/firefox-DVGW0d/firefox-65.0.1+build2/ipc/chromium/src/chrome/common/ipc_channel_posix.cc, line 718
IPDL protocol error: Handler returned error code!

###!!! [Parent][DispatchAsyncMessage] Error: PLayerTransaction::Msg_ReleaseLayer Processing error: message was deserialized, but the handler returned false (indicating failure)

[Parent 19869, Gecko_IOThread] WARNING: pipe error (77): Connection reset by peer: file /build/firefox-DVGW0d/firefox-65.0.1+build2/ipc/chromium/src/chrome/common/ipc_channel_posix.cc, line 349
[Parent 19869, Gecko_IOThread] WARNING: pipe error (96): Connection reset by peer: file /build/firefox-DVGW0d/firefox-65.0.1+build2/ipc/chromium/src/chrome/common/ipc_channel_posix.cc, line 349
1552332768277	Marionette	INFO	Stopped listening on port 44839
